

Run:TRAINING_FILE=qx.3
	SCREEN	= easy
	STEPS	= 3000
	RESTART	= 1
	scor	= 237330
	time	= 0.23 minutes


Run:TRAINING_FILE=qx.3
	SCREEN	= easy
	STEPS	= 3000
	RESTART	= 2
	scor	= 80435
	time	= 0.29 minutes


Run:TRAINING_FILE=qx.3
	SCREEN	= easy
	STEPS	= 3000
	RESTART	= 3
	scor	= 36615
	time	= 0.28 minutes


Run:TRAINING_FILE=qx.3
	SCREEN	= easy
	STEPS	= 3000
	RESTART	= 4
	scor	= 14665
	time	= 0.31 minutes


Run:TRAINING_FILE=qx.3
	SCREEN	= easy
	STEPS	= 3000
	RESTART	= 5
	scor	= 9745
	time	= 0.31 minutes


Run:TRAINING_FILE=qx.3
	SCREEN	= easy
	STEPS	= 3000
	RESTART	= 6
	scor	= 7715
	time	= 0.33 minutes


Run:TRAINING_FILE=qx.3
	SCREEN	= easy
	STEPS	= 3000
	RESTART	= 7
	scor	= 2855
	time	= 0.28 minutes


Run:TRAINING_FILE=qx.3
	SCREEN	= easy
	STEPS	= 3000
	RESTART	= 8
	scor	= 1455
	time	= 0.35 minutes



## ------------------------- ##
## ------------------------- ##
## ------------------------- ##

